# JRE version: OpenJDK Runtime Environment (8.0_76-b03) (build 1.8.0_76-release-b03)
# Java VM: OpenJDK 64-Bit Server VM (25.76-b03 mixed mode windows-amd64 compressed oops)
Heap:
 PSYoungGen      total 240128K, used 181902K [0x00000000e0000000, 0x00000000f5680000, 0x0000000100000000)
  eden space 182272K, 99% used [0x00000000e0000000,0x00000000eb1a3878,0x00000000eb200000)
  from space 57856K, 0% used [0x00000000f1e00000,0x00000000f1e00000,0x00000000f5680000)
  to   space 46080K, 0% used [0x00000000eb200000,0x00000000eb200000,0x00000000edf00000)
 ParOldGen       total 107520K, used 107295K [0x00000000a0000000, 0x00000000a6900000, 0x00000000e0000000)
  object space 107520K, 99% used [0x00000000a0000000,0x00000000a68c7c18,0x00000000a6900000)
 Metaspace       used 72416K, capacity 75144K, committed 75432K, reserved 1114112K
  class space    used 9236K, capacity 9829K, committed 9904K, reserved 1048576K
GC Heap History (10 events):
Event: 1285.521 GC heap before
{Heap before GC invocations=24 (full 3):
 PSYoungGen      total 217600K, used 217598K [0x00000000e0000000, 0x00000000f2580000, 0x0000000100000000)
  eden space 182272K, 100% used [0x00000000e0000000,0x00000000eb200000,0x00000000eb200000)
  from space 35328K, 99% used [0x00000000edf00000,0x00000000f017f850,0x00000000f0180000)
  to   space 46080K, 0% used [0x00000000eb200000,0x00000000eb200000,0x00000000edf00000)
 ParOldGen       total 107520K, used 71397K [0x00000000a0000000, 0x00000000a6900000, 0x00000000e0000000)
  object space 107520K, 66% used [0x00000000a0000000,0x00000000a45b96e8,0x00000000a6900000)
 Metaspace       used 72327K, capacity 74970K, committed 75176K, reserved 1114112K
  class space    used 9236K, capacity 9834K, committed 9904K, reserved 1048576K
Event: 1285.697 GC heap after
Heap after GC invocations=24 (full 3):
 PSYoungGen      total 228352K, used 46066K [0x00000000e0000000, 0x00000000f5680000, 0x0000000100000000)
  eden space 182272K, 0% used [0x00000000e0000000,0x00000000e0000000,0x00000000eb200000)
  from space 46080K, 99% used [0x00000000eb200000,0x00000000edefc8b0,0x00000000edf00000)
  to   space 57856K, 0% used [0x00000000f1e00000,0x00000000f1e00000,0x00000000f5680000)
 ParOldGen       total 107520K, used 83695K [0x00000000a0000000, 0x00000000a6900000, 0x00000000e0000000)
  object space 107520K, 77% used [0x00000000a0000000,0x00000000a51bbd78,0x00000000a6900000)
 Metaspace       used 72327K, capacity 74970K, committed 75176K, reserved 1114112K
  class space    used 9236K, capacity 9834K, committed 9904K, reserved 1048576K
}
Event: 1286.958 GC heap before
{Heap before GC invocations=25 (full 3):
 PSYoungGen      total 228352K, used 228338K [0x00000000e0000000, 0x00000000f5680000, 0x0000000100000000)
  eden space 182272K, 100% used [0x00000000e0000000,0x00000000eb200000,0x00000000eb200000)
  from space 46080K, 99% used [0x00000000eb200000,0x00000000edefc8b0,0x00000000edf00000)
  to   space 57856K, 0% used [0x00000000f1e00000,0x00000000f1e00000,0x00000000f5680000)
 ParOldGen       total 107520K, used 83695K [0x00000000a0000000, 0x00000000a6900000, 0x00000000e0000000)
  object space 107520K, 77% used [0x00000000a0000000,0x00000000a51bbd78,0x00000000a6900000)
 Metaspace       used 72378K, capacity 75098K, committed 75176K, reserved 1114112K
  class space    used 9237K, capacity 9834K, committed 9904K, reserved 1048576K
Event: 1287.145 GC heap after
Heap after GC invocations=25 (full 3):
 PSYoungGen      total 240128K, used 57842K [0x00000000e0000000, 0x00000000f5680000, 0x0000000100000000)
  eden space 182272K, 0% used [0x00000000e0000000,0x00000000e0000000,0x00000000eb200000)
  from space 57856K, 99% used [0x00000000f1e00000,0x00000000f567c968,0x00000000f5680000)
  to   space 46080K, 0% used [0x00000000eb200000,0x00000000eb200000,0x00000000edf00000)
 ParOldGen       total 107520K, used 100782K [0x00000000a0000000, 0x00000000a6900000, 0x00000000e0000000)
  object space 107520K, 93% used [0x00000000a0000000,0x00000000a626bb40,0x00000000a6900000)
 Metaspace       used 72378K, capacity 75098K, committed 75176K, reserved 1114112K
  class space    used 9237K, capacity 9834K, committed 9904K, reserved 1048576K
}
Event: 1287.145 GC heap before
{Heap before GC invocations=26 (full 4):
 PSYoungGen      total 240128K, used 57842K [0x00000000e0000000, 0x00000000f5680000, 0x0000000100000000)
  eden space 182272K, 0% used [0x00000000e0000000,0x00000000e0000000,0x00000000eb200000)
  from space 57856K, 99% used [0x00000000f1e00000,0x00000000f567c968,0x00000000f5680000)
  to   space 46080K, 0% used [0x00000000eb200000,0x00000000eb200000,0x00000000edf00000)
 ParOldGen       total 107520K, used 100782K [0x00000000a0000000, 0x00000000a6900000, 0x00000000e0000000)
  object space 107520K, 93% used [0x00000000a0000000,0x00000000a626bb40,0x00000000a6900000)
 Metaspace       used 72378K, capacity 75098K, committed 75176K, reserved 1114112K
  class space    used 9237K, capacity 9834K, committed 9904K, reserved 1048576K
Event: 1289.149 GC heap after
Heap after GC invocations=26 (full 4):
 PSYoungGen      total 240128K, used 19926K [0x00000000e0000000, 0x00000000f5680000, 0x0000000100000000)
  eden space 182272K, 0% used [0x00000000e0000000,0x00000000e0000000,0x00000000eb200000)
  from space 57856K, 34% used [0x00000000f1e00000,0x00000000f3175b18,0x00000000f5680000)
  to   space 46080K, 0% used [0x00000000eb200000,0x00000000eb200000,0x00000000edf00000)
 ParOldGen       total 107520K, used 107454K [0x00000000a0000000, 0x00000000a6900000, 0x00000000e0000000)
  object space 107520K, 99% used [0x00000000a0000000,0x00000000a68ef9e0,0x00000000a6900000)
 Metaspace       used 72371K, capacity 75080K, committed 75176K, reserved 1114112K
  class space    used 9235K, capacity 9829K, committed 9904K, reserved 1048576K
}
Event: 1291.000 GC heap before
{Heap before GC invocations=27 (full 5):
 PSYoungGen      total 240128K, used 202198K [0x00000000e0000000, 0x00000000f5680000, 0x0000000100000000)
  eden space 182272K, 100% used [0x00000000e0000000,0x00000000eb200000,0x00000000eb200000)
  from space 57856K, 34% used [0x00000000f1e00000,0x00000000f3175b18,0x00000000f5680000)
  to   space 46080K, 0% used [0x00000000eb200000,0x00000000eb200000,0x00000000edf00000)
 ParOldGen       total 107520K, used 107454K [0x00000000a0000000, 0x00000000a6900000, 0x00000000e0000000)
  object space 107520K, 99% used [0x00000000a0000000,0x00000000a68ef9e0,0x00000000a6900000)
 Metaspace       used 72390K, capacity 75080K, committed 75176K, reserved 1114112K
  class space    used 9235K, capacity 9829K, committed 9904K, reserved 1048576K
Event: 1292.421 GC heap after
Heap after GC invocations=27 (full 5):
 PSYoungGen      total 240128K, used 18653K [0x00000000e0000000, 0x00000000f5680000, 0x0000000100000000)
  eden space 182272K, 10% used [0x00000000e0000000,0x00000000e12375e0,0x00000000eb200000)
  from space 57856K, 0% used [0x00000000f1e00000,0x00000000f1e00000,0x00000000f5680000)
  to   space 46080K, 0% used [0x00000000eb200000,0x00000000eb200000,0x00000000edf00000)
 ParOldGen       total 107520K, used 107515K [0x00000000a0000000, 0x00000000a6900000, 0x00000000e0000000)
  object space 107520K, 99% used [0x00000000a0000000,0x00000000a68fec48,0x00000000a6900000)
 Metaspace       used 72390K, capacity 75080K, committed 75176K, reserved 1114112K
  class space    used 9235K, capacity 9829K, committed 9904K, reserved 1048576K
}
Event: 1293.443 GC heap before
{Heap before GC invocations=28 (full 6):
 PSYoungGen      total 240128K, used 182272K [0x00000000e0000000, 0x00000000f5680000, 0x0000000100000000)
  eden space 182272K, 100% used [0x00000000e0000000,0x00000000eb200000,0x00000000eb200000)
  from space 57856K, 0% used [0x00000000f1e00000,0x00000000f1e00000,0x00000000f5680000)
  to   space 46080K, 0% used [0x00000000eb200000,0x00000000eb200000,0x00000000edf00000)
 ParOldGen       total 107520K, used 107515K [0x00000000a0000000, 0x00000000a6900000, 0x00000000e0000000)
  object space 107520K, 99% used [0x00000000a0000000,0x00000000a68fec48,0x00000000a6900000)
 Metaspace       used 72397K, capacity 75080K, committed 75176K, reserved 1114112K
  class space    used 9235K, capacity 9829K, committed 9904K, reserved 1048576K
Event: 1294.478 GC heap after
Heap after GC invocations=28 (full 6):
 PSYoungGen      total 240128K, used 18810K [0x00000000e0000000, 0x00000000f5680000, 0x0000000100000000)
  eden space 182272K, 10% used [0x00000000e0000000,0x00000000e125ebd0,0x00000000eb200000)
  from space 57856K, 0% used [0x00000000f1e00000,0x00000000f1e00000,0x00000000f5680000)
  to   space 46080K, 0% used [0x00000000eb200000,0x00000000eb200000,0x00000000edf00000)
 ParOldGen       total 107520K, used 107295K [0x00000000a0000000, 0x00000000a6900000, 0x00000000e0000000)
  object space 107520K, 99% used [0x00000000a0000000,0x00000000a68c7c18,0x00000000a6900000)
 Metaspace       used 72397K, capacity 75080K, committed 75176K, reserved 1114112K
  class space    used 9235K, capacity 9829K, committed 9904K, reserved 1048576K
}

