# JRE version: OpenJDK Runtime Environment (8.0_76-b03) (build 1.8.0_76-release-b03)
# Java VM: OpenJDK 64-Bit Server VM (25.76-b03 mixed mode windows-amd64 compressed oops)
Heap:
 PSYoungGen      total 195072K, used 73402K [0x00000000e0000000, 0x00000000f0900000, 0x0000000100000000)
  eden space 179200K, 32% used [0x00000000e0000000,0x00000000e3831740,0x00000000eaf00000)
  from space 15872K, 99% used [0x00000000eaf00000,0x00000000ebe7d4b0,0x00000000ebe80000)
  to   space 22016K, 0% used [0x00000000ef380000,0x00000000ef380000,0x00000000f0900000)
 ParOldGen       total 90624K, used 31750K [0x00000000a0000000, 0x00000000a5880000, 0x00000000e0000000)
  object space 90624K, 35% used [0x00000000a0000000,0x00000000a1f018b8,0x00000000a5880000)
 Metaspace       used 51284K, capacity 52608K, committed 52912K, reserved 1095680K
  class space    used 6724K, capacity 7054K, committed 7088K, reserved 1048576K
GC Heap History (10 events):
Event: 9.089 GC heap before
{Heap before GC invocations=9 (full 1):
 PSYoungGen      total 106496K, used 17618K [0x00000000e0000000, 0x00000000e9e00000, 0x0000000100000000)
  eden space 96256K, 7% used [0x00000000e0000000,0x00000000e0734e70,0x00000000e5e00000)
  from space 10240K, 99% used [0x00000000e5e00000,0x00000000e67ffa28,0x00000000e6800000)
  to   space 11776K, 0% used [0x00000000e9280000,0x00000000e9280000,0x00000000e9e00000)
 ParOldGen       total 66048K, used 14505K [0x00000000a0000000, 0x00000000a4080000, 0x00000000e0000000)
  object space 66048K, 21% used [0x00000000a0000000,0x00000000a0e2a418,0x00000000a4080000)
 Metaspace       used 34613K, capacity 35178K, committed 35496K, reserved 1079296K
  class space    used 4623K, capacity 4796K, committed 4912K, reserved 1048576K
Event: 9.104 GC heap after
Heap after GC invocations=9 (full 1):
 PSYoungGen      total 150016K, used 8098K [0x00000000e0000000, 0x00000000eb380000, 0x0000000100000000)
  eden space 138240K, 0% used [0x00000000e0000000,0x00000000e0000000,0x00000000e8700000)
  from space 11776K, 68% used [0x00000000e9280000,0x00000000e9a68970,0x00000000e9e00000)
  to   space 11776K, 0% used [0x00000000e8700000,0x00000000e8700000,0x00000000e9280000)
 ParOldGen       total 66048K, used 14513K [0x00000000a0000000, 0x00000000a4080000, 0x00000000e0000000)
  object space 66048K, 21% used [0x00000000a0000000,0x00000000a0e2c418,0x00000000a4080000)
 Metaspace       used 34613K, capacity 35178K, committed 35496K, reserved 1079296K
  class space    used 4623K, capacity 4796K, committed 4912K, reserved 1048576K
}
Event: 9.104 GC heap before
{Heap before GC invocations=10 (full 2):
 PSYoungGen      total 150016K, used 8098K [0x00000000e0000000, 0x00000000eb380000, 0x0000000100000000)
  eden space 138240K, 0% used [0x00000000e0000000,0x00000000e0000000,0x00000000e8700000)
  from space 11776K, 68% used [0x00000000e9280000,0x00000000e9a68970,0x00000000e9e00000)
  to   space 11776K, 0% used [0x00000000e8700000,0x00000000e8700000,0x00000000e9280000)
 ParOldGen       total 66048K, used 14513K [0x00000000a0000000, 0x00000000a4080000, 0x00000000e0000000)
  object space 66048K, 21% used [0x00000000a0000000,0x00000000a0e2c418,0x00000000a4080000)
 Metaspace       used 34613K, capacity 35178K, committed 35496K, reserved 1079296K
  class space    used 4623K, capacity 4796K, committed 4912K, reserved 1048576K
Event: 9.280 GC heap after
Heap after GC invocations=10 (full 2):
 PSYoungGen      total 150016K, used 0K [0x00000000e0000000, 0x00000000eb380000, 0x0000000100000000)
  eden space 138240K, 0% used [0x00000000e0000000,0x00000000e0000000,0x00000000e8700000)
  from space 11776K, 0% used [0x00000000e9280000,0x00000000e9280000,0x00000000e9e00000)
  to   space 11776K, 0% used [0x00000000e8700000,0x00000000e8700000,0x00000000e9280000)
 ParOldGen       total 90624K, used 15076K [0x00000000a0000000, 0x00000000a5880000, 0x00000000e0000000)
  object space 90624K, 16% used [0x00000000a0000000,0x00000000a0eb9068,0x00000000a5880000)
 Metaspace       used 34613K, capacity 35178K, committed 35496K, reserved 1079296K
  class space    used 4623K, capacity 4796K, committed 4912K, reserved 1048576K
}
Event: 12.071 GC heap before
{Heap before GC invocations=11 (full 2):
 PSYoungGen      total 150016K, used 138240K [0x00000000e0000000, 0x00000000eb380000, 0x0000000100000000)
  eden space 138240K, 100% used [0x00000000e0000000,0x00000000e8700000,0x00000000e8700000)
  from space 11776K, 0% used [0x00000000e9280000,0x00000000e9280000,0x00000000e9e00000)
  to   space 11776K, 0% used [0x00000000e8700000,0x00000000e8700000,0x00000000e9280000)
 ParOldGen       total 90624K, used 15076K [0x00000000a0000000, 0x00000000a5880000, 0x00000000e0000000)
  object space 90624K, 16% used [0x00000000a0000000,0x00000000a0eb9068,0x00000000a5880000)
 Metaspace       used 41897K, capacity 42726K, committed 43184K, reserved 1087488K
  class space    used 5539K, capacity 5743K, committed 5808K, reserved 1048576K
Event: 12.093 GC heap after
Heap after GC invocations=11 (full 2):
 PSYoungGen      total 150016K, used 11366K [0x00000000e0000000, 0x00000000ecb00000, 0x0000000100000000)
  eden space 138240K, 0% used [0x00000000e0000000,0x00000000e0000000,0x00000000e8700000)
  from space 11776K, 96% used [0x00000000e8700000,0x00000000e9219b48,0x00000000e9280000)
  to   space 12800K, 0% used [0x00000000ebe80000,0x00000000ebe80000,0x00000000ecb00000)
 ParOldGen       total 90624K, used 15148K [0x00000000a0000000, 0x00000000a5880000, 0x00000000e0000000)
  object space 90624K, 16% used [0x00000000a0000000,0x00000000a0ecb078,0x00000000a5880000)
 Metaspace       used 41897K, capacity 42726K, committed 43184K, reserved 1087488K
  class space    used 5539K, capacity 5743K, committed 5808K, reserved 1048576K
}
Event: 14.519 GC heap before
{Heap before GC invocations=12 (full 2):
 PSYoungGen      total 150016K, used 149606K [0x00000000e0000000, 0x00000000ecb00000, 0x0000000100000000)
  eden space 138240K, 100% used [0x00000000e0000000,0x00000000e8700000,0x00000000e8700000)
  from space 11776K, 96% used [0x00000000e8700000,0x00000000e9219b48,0x00000000e9280000)
  to   space 12800K, 0% used [0x00000000ebe80000,0x00000000ebe80000,0x00000000ecb00000)
 ParOldGen       total 90624K, used 15148K [0x00000000a0000000, 0x00000000a5880000, 0x00000000e0000000)
  object space 90624K, 16% used [0x00000000a0000000,0x00000000a0ecb078,0x00000000a5880000)
 Metaspace       used 46481K, capacity 47658K, committed 47792K, reserved 1091584K
  class space    used 6197K, capacity 6453K, committed 6576K, reserved 1048576K
Event: 14.562 GC heap after
Heap after GC invocations=12 (full 2):
 PSYoungGen      total 192000K, used 12773K [0x00000000e0000000, 0x00000000ece80000, 0x0000000100000000)
  eden space 179200K, 0% used [0x00000000e0000000,0x00000000e0000000,0x00000000eaf00000)
  from space 12800K, 99% used [0x00000000ebe80000,0x00000000ecaf96a0,0x00000000ecb00000)
  to   space 15872K, 0% used [0x00000000eaf00000,0x00000000eaf00000,0x00000000ebe80000)
 ParOldGen       total 90624K, used 20087K [0x00000000a0000000, 0x00000000a5880000, 0x00000000e0000000)
  object space 90624K, 22% used [0x00000000a0000000,0x00000000a139dd48,0x00000000a5880000)
 Metaspace       used 46481K, capacity 47658K, committed 47792K, reserved 1091584K
  class space    used 6197K, capacity 6453K, committed 6576K, reserved 1048576K
}
Event: 20.762 GC heap before
{Heap before GC invocations=13 (full 2):
 PSYoungGen      total 192000K, used 191973K [0x00000000e0000000, 0x00000000ece80000, 0x0000000100000000)
  eden space 179200K, 100% used [0x00000000e0000000,0x00000000eaf00000,0x00000000eaf00000)
  from space 12800K, 99% used [0x00000000ebe80000,0x00000000ecaf96a0,0x00000000ecb00000)
  to   space 15872K, 0% used [0x00000000eaf00000,0x00000000eaf00000,0x00000000ebe80000)
 ParOldGen       total 90624K, used 20087K [0x00000000a0000000, 0x00000000a5880000, 0x00000000e0000000)
  object space 90624K, 22% used [0x00000000a0000000,0x00000000a139dd48,0x00000000a5880000)
 Metaspace       used 51210K, capacity 52608K, committed 52912K, reserved 1095680K
  class space    used 6715K, capacity 7054K, committed 7088K, reserved 1048576K
Event: 20.802 GC heap after
Heap after GC invocations=13 (full 2):
 PSYoungGen      total 195072K, used 15861K [0x00000000e0000000, 0x00000000f0900000, 0x0000000100000000)
  eden space 179200K, 0% used [0x00000000e0000000,0x00000000e0000000,0x00000000eaf00000)
  from space 15872K, 99% used [0x00000000eaf00000,0x00000000ebe7d4b0,0x00000000ebe80000)
  to   space 22016K, 0% used [0x00000000ef380000,0x00000000ef380000,0x00000000f0900000)
 ParOldGen       total 90624K, used 31750K [0x00000000a0000000, 0x00000000a5880000, 0x00000000e0000000)
  object space 90624K, 35% used [0x00000000a0000000,0x00000000a1f018b8,0x00000000a5880000)
 Metaspace       used 51210K, capacity 52608K, committed 52912K, reserved 1095680K
  class space    used 6715K, capacity 7054K, committed 7088K, reserved 1048576K
}

