# JRE version: OpenJDK Runtime Environment (8.0_76-b03) (build 1.8.0_76-release-b03)
# Java VM: OpenJDK 64-Bit Server VM (25.76-b03 mixed mode windows-amd64 compressed oops)
Heap:
 PSYoungGen      total 206336K, used 30516K [0x00000000e0000000, 0x00000000f1300000, 0x0000000100000000)
  eden space 183296K, 16% used [0x00000000e0000000,0x00000000e1dcd250,0x00000000eb300000)
  from space 23040K, 0% used [0x00000000eb300000,0x00000000eb300000,0x00000000ec980000)
  to   space 27648K, 0% used [0x00000000ef800000,0x00000000ef800000,0x00000000f1300000)
 ParOldGen       total 99840K, used 42346K [0x00000000a0000000, 0x00000000a6180000, 0x00000000e0000000)
  object space 99840K, 42% used [0x00000000a0000000,0x00000000a295aba0,0x00000000a6180000)
 Metaspace       used 58263K, capacity 59712K, committed 60032K, reserved 1101824K
  class space    used 7610K, capacity 7952K, committed 8064K, reserved 1048576K
GC Heap History (10 events):
Event: 12.992 GC heap before
{Heap before GC invocations=12 (full 2):
 PSYoungGen      total 132096K, used 130880K [0x00000000e0000000, 0x00000000ead80000, 0x0000000100000000)
  eden space 120320K, 100% used [0x00000000e0000000,0x00000000e7580000,0x00000000e7580000)
  from space 11776K, 89% used [0x00000000e7580000,0x00000000e7fd03d0,0x00000000e8100000)
  to   space 12288K, 0% used [0x00000000ea180000,0x00000000ea180000,0x00000000ead80000)
 ParOldGen       total 99840K, used 15453K [0x00000000a0000000, 0x00000000a6180000, 0x00000000e0000000)
  object space 99840K, 15% used [0x00000000a0000000,0x00000000a0f17478,0x00000000a6180000)
 Metaspace       used 44767K, capacity 45934K, committed 46208K, reserved 1089536K
  class space    used 5975K, capacity 6249K, committed 6272K, reserved 1048576K
Event: 13.023 GC heap after
Heap after GC invocations=12 (full 2):
 PSYoungGen      total 163328K, used 12259K [0x00000000e0000000, 0x00000000eb100000, 0x0000000100000000)
  eden space 151040K, 0% used [0x00000000e0000000,0x00000000e0000000,0x00000000e9380000)
  from space 12288K, 99% used [0x00000000ea180000,0x00000000ead78f80,0x00000000ead80000)
  to   space 14336K, 0% used [0x00000000e9380000,0x00000000e9380000,0x00000000ea180000)
 ParOldGen       total 99840K, used 17953K [0x00000000a0000000, 0x00000000a6180000, 0x00000000e0000000)
  object space 99840K, 17% used [0x00000000a0000000,0x00000000a11886c0,0x00000000a6180000)
 Metaspace       used 44767K, capacity 45934K, committed 46208K, reserved 1089536K
  class space    used 5975K, capacity 6249K, committed 6272K, reserved 1048576K
}
Event: 17.977 GC heap before
{Heap before GC invocations=13 (full 2):
 PSYoungGen      total 163328K, used 163299K [0x00000000e0000000, 0x00000000eb100000, 0x0000000100000000)
  eden space 151040K, 100% used [0x00000000e0000000,0x00000000e9380000,0x00000000e9380000)
  from space 12288K, 99% used [0x00000000ea180000,0x00000000ead78f80,0x00000000ead80000)
  to   space 14336K, 0% used [0x00000000e9380000,0x00000000e9380000,0x00000000ea180000)
 ParOldGen       total 99840K, used 17953K [0x00000000a0000000, 0x00000000a6180000, 0x00000000e0000000)
  object space 99840K, 17% used [0x00000000a0000000,0x00000000a11886c0,0x00000000a6180000)
 Metaspace       used 51092K, capacity 52440K, committed 52736K, reserved 1095680K
  class space    used 6736K, capacity 7060K, committed 7168K, reserved 1048576K
Event: 18.009 GC heap after
Heap after GC invocations=13 (full 2):
 PSYoungGen      total 165376K, used 14306K [0x00000000e0000000, 0x00000000ede80000, 0x0000000100000000)
  eden space 151040K, 0% used [0x00000000e0000000,0x00000000e0000000,0x00000000e9380000)
  from space 14336K, 99% used [0x00000000e9380000,0x00000000ea1789d0,0x00000000ea180000)
  to   space 20480K, 0% used [0x00000000eca80000,0x00000000eca80000,0x00000000ede80000)
 ParOldGen       total 99840K, used 30525K [0x00000000a0000000, 0x00000000a6180000, 0x00000000e0000000)
  object space 99840K, 30% used [0x00000000a0000000,0x00000000a1dcf450,0x00000000a6180000)
 Metaspace       used 51092K, capacity 52440K, committed 52736K, reserved 1095680K
  class space    used 6736K, capacity 7060K, committed 7168K, reserved 1048576K
}
Event: 22.407 GC heap before
{Heap before GC invocations=14 (full 2):
 PSYoungGen      total 165376K, used 165346K [0x00000000e0000000, 0x00000000ede80000, 0x0000000100000000)
  eden space 151040K, 100% used [0x00000000e0000000,0x00000000e9380000,0x00000000e9380000)
  from space 14336K, 99% used [0x00000000e9380000,0x00000000ea1789d0,0x00000000ea180000)
  to   space 20480K, 0% used [0x00000000eca80000,0x00000000eca80000,0x00000000ede80000)
 ParOldGen       total 99840K, used 30525K [0x00000000a0000000, 0x00000000a6180000, 0x00000000e0000000)
  object space 99840K, 30% used [0x00000000a0000000,0x00000000a1dcf450,0x00000000a6180000)
 Metaspace       used 53453K, capacity 54954K, committed 55040K, reserved 1097728K
  class space    used 7059K, capacity 7385K, committed 7424K, reserved 1048576K
Event: 22.437 GC heap after
Heap after GC invocations=14 (full 2):
 PSYoungGen      total 203776K, used 19795K [0x00000000e0000000, 0x00000000ee000000, 0x0000000100000000)
  eden space 183296K, 0% used [0x00000000e0000000,0x00000000e0000000,0x00000000eb300000)
  from space 20480K, 96% used [0x00000000eca80000,0x00000000eddd4ca0,0x00000000ede80000)
  to   space 23040K, 0% used [0x00000000eb300000,0x00000000eb300000,0x00000000ec980000)
 ParOldGen       total 99840K, used 30533K [0x00000000a0000000, 0x00000000a6180000, 0x00000000e0000000)
  object space 99840K, 30% used [0x00000000a0000000,0x00000000a1dd1450,0x00000000a6180000)
 Metaspace       used 53453K, capacity 54954K, committed 55040K, reserved 1097728K
  class space    used 7059K, capacity 7385K, committed 7424K, reserved 1048576K
}
Event: 23.707 GC heap before
{Heap before GC invocations=15 (full 2):
 PSYoungGen      total 203776K, used 58854K [0x00000000e0000000, 0x00000000ee000000, 0x0000000100000000)
  eden space 183296K, 21% used [0x00000000e0000000,0x00000000e2624c68,0x00000000eb300000)
  from space 20480K, 96% used [0x00000000eca80000,0x00000000eddd4ca0,0x00000000ede80000)
  to   space 23040K, 0% used [0x00000000eb300000,0x00000000eb300000,0x00000000ec980000)
 ParOldGen       total 99840K, used 30533K [0x00000000a0000000, 0x00000000a6180000, 0x00000000e0000000)
  object space 99840K, 30% used [0x00000000a0000000,0x00000000a1dd1450,0x00000000a6180000)
 Metaspace       used 57549K, capacity 58986K, committed 59136K, reserved 1099776K
  class space    used 7522K, capacity 7833K, committed 7936K, reserved 1048576K
Event: 23.740 GC heap after
Heap after GC invocations=15 (full 2):
 PSYoungGen      total 206336K, used 23038K [0x00000000e0000000, 0x00000000f1300000, 0x0000000100000000)
  eden space 183296K, 0% used [0x00000000e0000000,0x00000000e0000000,0x00000000eb300000)
  from space 23040K, 99% used [0x00000000eb300000,0x00000000ec97f908,0x00000000ec980000)
  to   space 27648K, 0% used [0x00000000ef800000,0x00000000ef800000,0x00000000f1300000)
 ParOldGen       total 99840K, used 34606K [0x00000000a0000000, 0x00000000a6180000, 0x00000000e0000000)
  object space 99840K, 34% used [0x00000000a0000000,0x00000000a21cbb28,0x00000000a6180000)
 Metaspace       used 57549K, capacity 58986K, committed 59136K, reserved 1099776K
  class space    used 7522K, capacity 7833K, committed 7936K, reserved 1048576K
}
Event: 23.740 GC heap before
{Heap before GC invocations=16 (full 3):
 PSYoungGen      total 206336K, used 23038K [0x00000000e0000000, 0x00000000f1300000, 0x0000000100000000)
  eden space 183296K, 0% used [0x00000000e0000000,0x00000000e0000000,0x00000000eb300000)
  from space 23040K, 99% used [0x00000000eb300000,0x00000000ec97f908,0x00000000ec980000)
  to   space 27648K, 0% used [0x00000000ef800000,0x00000000ef800000,0x00000000f1300000)
 ParOldGen       total 99840K, used 34606K [0x00000000a0000000, 0x00000000a6180000, 0x00000000e0000000)
  object space 99840K, 34% used [0x00000000a0000000,0x00000000a21cbb28,0x00000000a6180000)
 Metaspace       used 57549K, capacity 58986K, committed 59136K, reserved 1099776K
  class space    used 7522K, capacity 7833K, committed 7936K, reserved 1048576K
Event: 24.088 GC heap after
Heap after GC invocations=16 (full 3):
 PSYoungGen      total 206336K, used 0K [0x00000000e0000000, 0x00000000f1300000, 0x0000000100000000)
  eden space 183296K, 0% used [0x00000000e0000000,0x00000000e0000000,0x00000000eb300000)
  from space 23040K, 0% used [0x00000000eb300000,0x00000000eb300000,0x00000000ec980000)
  to   space 27648K, 0% used [0x00000000ef800000,0x00000000ef800000,0x00000000f1300000)
 ParOldGen       total 99840K, used 42346K [0x00000000a0000000, 0x00000000a6180000, 0x00000000e0000000)
  object space 99840K, 42% used [0x00000000a0000000,0x00000000a295aba0,0x00000000a6180000)
 Metaspace       used 57547K, capacity 58980K, committed 59136K, reserved 1099776K
  class space    used 7521K, capacity 7832K, committed 7936K, reserved 1048576K
}

