# JRE version: OpenJDK Runtime Environment (8.0_76-b03) (build 1.8.0_76-release-b03)
# Java VM: OpenJDK 64-Bit Server VM (25.76-b03 mixed mode windows-amd64 compressed oops)
Heap:
 PSYoungGen      total 295424K, used 16767K [0x00000000eab00000, 0x00000000fee00000, 0x0000000100000000)
  eden space 267776K, 2% used [0x00000000eab00000,0x00000000eb0be8b0,0x00000000fb080000)
  from space 27648K, 39% used [0x00000000fca80000,0x00000000fd521740,0x00000000fe580000)
  to   space 26624K, 0% used [0x00000000fb080000,0x00000000fb080000,0x00000000fca80000)
 ParOldGen       total 94720K, used 55270K [0x00000000c0000000, 0x00000000c5c80000, 0x00000000eab00000)
  object space 94720K, 58% used [0x00000000c0000000,0x00000000c35f9a38,0x00000000c5c80000)
 Metaspace       used 66471K, capacity 69130K, committed 69296K, reserved 1110016K
  class space    used 8726K, capacity 9316K, committed 9392K, reserved 1048576K
GC Heap History (10 events):
Event: 36.977 GC heap before
{Heap before GC invocations=15 (full 3):
 PSYoungGen      total 194560K, used 181713K [0x00000000eab00000, 0x00000000f9d80000, 0x0000000100000000)
  eden space 171520K, 100% used [0x00000000eab00000,0x00000000f5280000,0x00000000f5280000)
  from space 23040K, 44% used [0x00000000f5280000,0x00000000f5c74590,0x00000000f6900000)
  to   space 22016K, 0% used [0x00000000f8800000,0x00000000f8800000,0x00000000f9d80000)
 ParOldGen       total 94720K, used 45095K [0x00000000c0000000, 0x00000000c5c80000, 0x00000000eab00000)
  object space 94720K, 47% used [0x00000000c0000000,0x00000000c2c09d30,0x00000000c5c80000)
 Metaspace       used 57832K, capacity 60004K, committed 60208K, reserved 1101824K
  class space    used 7718K, capacity 8227K, committed 8240K, reserved 1048576K
Event: 37.000 GC heap after
Heap after GC invocations=15 (full 3):
 PSYoungGen      total 219136K, used 11150K [0x00000000eab00000, 0x00000000f9900000, 0x0000000100000000)
  eden space 201728K, 0% used [0x00000000eab00000,0x00000000eab00000,0x00000000f7000000)
  from space 17408K, 64% used [0x00000000f8800000,0x00000000f92e3880,0x00000000f9900000)
  to   space 20992K, 0% used [0x00000000f7000000,0x00000000f7000000,0x00000000f8480000)
 ParOldGen       total 94720K, used 45103K [0x00000000c0000000, 0x00000000c5c80000, 0x00000000eab00000)
  object space 94720K, 47% used [0x00000000c0000000,0x00000000c2c0bd30,0x00000000c5c80000)
 Metaspace       used 57832K, capacity 60004K, committed 60208K, reserved 1101824K
  class space    used 7718K, capacity 8227K, committed 8240K, reserved 1048576K
}
Event: 39.818 GC heap before
{Heap before GC invocations=16 (full 3):
 PSYoungGen      total 219136K, used 212878K [0x00000000eab00000, 0x00000000f9900000, 0x0000000100000000)
  eden space 201728K, 100% used [0x00000000eab00000,0x00000000f7000000,0x00000000f7000000)
  from space 17408K, 64% used [0x00000000f8800000,0x00000000f92e3880,0x00000000f9900000)
  to   space 20992K, 0% used [0x00000000f7000000,0x00000000f7000000,0x00000000f8480000)
 ParOldGen       total 94720K, used 45103K [0x00000000c0000000, 0x00000000c5c80000, 0x00000000eab00000)
  object space 94720K, 47% used [0x00000000c0000000,0x00000000c2c0bd30,0x00000000c5c80000)
 Metaspace       used 58446K, capacity 60612K, committed 60848K, reserved 1101824K
  class space    used 7763K, capacity 8259K, committed 8368K, reserved 1048576K
Event: 39.848 GC heap after
Heap after GC invocations=16 (full 3):
 PSYoungGen      total 222720K, used 20969K [0x00000000eab00000, 0x00000000fc380000, 0x0000000100000000)
  eden space 201728K, 0% used [0x00000000eab00000,0x00000000eab00000,0x00000000f7000000)
  from space 20992K, 99% used [0x00000000f7000000,0x00000000f847a6c0,0x00000000f8480000)
  to   space 24064K, 0% used [0x00000000fac00000,0x00000000fac00000,0x00000000fc380000)
 ParOldGen       total 94720K, used 46495K [0x00000000c0000000, 0x00000000c5c80000, 0x00000000eab00000)
  object space 94720K, 49% used [0x00000000c0000000,0x00000000c2d67e78,0x00000000c5c80000)
 Metaspace       used 58446K, capacity 60612K, committed 60848K, reserved 1101824K
  class space    used 7763K, capacity 8259K, committed 8368K, reserved 1048576K
}
Event: 193.642 GC heap before
{Heap before GC invocations=17 (full 3):
 PSYoungGen      total 222720K, used 222697K [0x00000000eab00000, 0x00000000fc380000, 0x0000000100000000)
  eden space 201728K, 100% used [0x00000000eab00000,0x00000000f7000000,0x00000000f7000000)
  from space 20992K, 99% used [0x00000000f7000000,0x00000000f847a6c0,0x00000000f8480000)
  to   space 24064K, 0% used [0x00000000fac00000,0x00000000fac00000,0x00000000fc380000)
 ParOldGen       total 94720K, used 46495K [0x00000000c0000000, 0x00000000c5c80000, 0x00000000eab00000)
  object space 94720K, 49% used [0x00000000c0000000,0x00000000c2d67e78,0x00000000c5c80000)
 Metaspace       used 59229K, capacity 61602K, committed 61744K, reserved 1101824K
  class space    used 7854K, capacity 8376K, committed 8496K, reserved 1048576K
Event: 193.687 GC heap after
Heap after GC invocations=17 (full 3):
 PSYoungGen      total 256512K, used 24050K [0x00000000eab00000, 0x00000000fc600000, 0x0000000100000000)
  eden space 232448K, 0% used [0x00000000eab00000,0x00000000eab00000,0x00000000f8e00000)
  from space 24064K, 99% used [0x00000000fac00000,0x00000000fc37c8d8,0x00000000fc380000)
  to   space 28672K, 0% used [0x00000000f8e00000,0x00000000f8e00000,0x00000000faa00000)
 ParOldGen       total 94720K, used 50652K [0x00000000c0000000, 0x00000000c5c80000, 0x00000000eab00000)
  object space 94720K, 53% used [0x00000000c0000000,0x00000000c31770a0,0x00000000c5c80000)
 Metaspace       used 59229K, capacity 61602K, committed 61744K, reserved 1101824K
  class space    used 7854K, capacity 8376K, committed 8496K, reserved 1048576K
}
Event: 199.860 GC heap before
{Heap before GC invocations=18 (full 3):
 PSYoungGen      total 256512K, used 255956K [0x00000000eab00000, 0x00000000fc600000, 0x0000000100000000)
  eden space 232448K, 99% used [0x00000000eab00000,0x00000000f8d78778,0x00000000f8e00000)
  from space 24064K, 99% used [0x00000000fac00000,0x00000000fc37c8d8,0x00000000fc380000)
  to   space 28672K, 0% used [0x00000000f8e00000,0x00000000f8e00000,0x00000000faa00000)
 ParOldGen       total 94720K, used 50652K [0x00000000c0000000, 0x00000000c5c80000, 0x00000000eab00000)
  object space 94720K, 53% used [0x00000000c0000000,0x00000000c31770a0,0x00000000c5c80000)
 Metaspace       used 65434K, capacity 67934K, committed 68016K, reserved 1107968K
  class space    used 8586K, capacity 9124K, committed 9136K, reserved 1048576K
Event: 199.893 GC heap after
Heap after GC invocations=18 (full 3):
 PSYoungGen      total 261120K, used 11363K [0x00000000eab00000, 0x00000000fe580000, 0x0000000100000000)
  eden space 232448K, 0% used [0x00000000eab00000,0x00000000eab00000,0x00000000f8e00000)
  from space 28672K, 39% used [0x00000000f8e00000,0x00000000f9918e40,0x00000000faa00000)
  to   space 27648K, 0% used [0x00000000fca80000,0x00000000fca80000,0x00000000fe580000)
 ParOldGen       total 94720K, used 55262K [0x00000000c0000000, 0x00000000c5c80000, 0x00000000eab00000)
  object space 94720K, 58% used [0x00000000c0000000,0x00000000c35f7a38,0x00000000c5c80000)
 Metaspace       used 65434K, capacity 67934K, committed 68016K, reserved 1107968K
  class space    used 8586K, capacity 9124K, committed 9136K, reserved 1048576K
}
Event: 201.861 GC heap before
{Heap before GC invocations=19 (full 3):
 PSYoungGen      total 261120K, used 243811K [0x00000000eab00000, 0x00000000fe580000, 0x0000000100000000)
  eden space 232448K, 100% used [0x00000000eab00000,0x00000000f8e00000,0x00000000f8e00000)
  from space 28672K, 39% used [0x00000000f8e00000,0x00000000f9918e40,0x00000000faa00000)
  to   space 27648K, 0% used [0x00000000fca80000,0x00000000fca80000,0x00000000fe580000)
 ParOldGen       total 94720K, used 55262K [0x00000000c0000000, 0x00000000c5c80000, 0x00000000eab00000)
  object space 94720K, 58% used [0x00000000c0000000,0x00000000c35f7a38,0x00000000c5c80000)
 Metaspace       used 66460K, capacity 69098K, committed 69296K, reserved 1110016K
  class space    used 8723K, capacity 9284K, committed 9392K, reserved 1048576K
Event: 201.896 GC heap after
Heap after GC invocations=19 (full 3):
 PSYoungGen      total 295424K, used 10885K [0x00000000eab00000, 0x00000000fee00000, 0x0000000100000000)
  eden space 267776K, 0% used [0x00000000eab00000,0x00000000eab00000,0x00000000fb080000)
  from space 27648K, 39% used [0x00000000fca80000,0x00000000fd521740,0x00000000fe580000)
  to   space 26624K, 0% used [0x00000000fb080000,0x00000000fb080000,0x00000000fca80000)
 ParOldGen       total 94720K, used 55270K [0x00000000c0000000, 0x00000000c5c80000, 0x00000000eab00000)
  object space 94720K, 58% used [0x00000000c0000000,0x00000000c35f9a38,0x00000000c5c80000)
 Metaspace       used 66460K, capacity 69098K, committed 69296K, reserved 1110016K
  class space    used 8723K, capacity 9284K, committed 9392K, reserved 1048576K
}

