# JRE version: OpenJDK Runtime Environment (8.0_76-b03) (build 1.8.0_76-release-b03)
# Java VM: OpenJDK 64-Bit Server VM (25.76-b03 mixed mode windows-amd64 compressed oops)
Heap:
 PSYoungGen      total 188416K, used 37473K [0x00000000eab00000, 0x00000000f7f00000, 0x0000000100000000)
  eden space 161280K, 14% used [0x00000000eab00000,0x00000000ec190fb8,0x00000000f4880000)
  from space 27136K, 52% used [0x00000000f4880000,0x00000000f56877b0,0x00000000f6300000)
  to   space 23040K, 0% used [0x00000000f6300000,0x00000000f6300000,0x00000000f7980000)
 ParOldGen       total 141824K, used 34436K [0x00000000c0000000, 0x00000000c8a80000, 0x00000000eab00000)
  object space 141824K, 24% used [0x00000000c0000000,0x00000000c21a1340,0x00000000c8a80000)
 Metaspace       used 64923K, capacity 67050K, committed 67096K, reserved 1107968K
  class space    used 8504K, capacity 8954K, committed 8984K, reserved 1048576K
GC Heap History (10 events):
Event: 26.520 GC heap before
{Heap before GC invocations=19 (full 2):
 PSYoungGen      total 184320K, used 46655K [0x00000000eab00000, 0x00000000f7f00000, 0x0000000100000000)
  eden space 161280K, 14% used [0x00000000eab00000,0x00000000ec212f40,0x00000000f4880000)
  from space 23040K, 99% used [0x00000000f6300000,0x00000000f797d088,0x00000000f7980000)
  to   space 27136K, 0% used [0x00000000f4880000,0x00000000f4880000,0x00000000f6300000)
 ParOldGen       total 93696K, used 29252K [0x00000000c0000000, 0x00000000c5b80000, 0x00000000eab00000)
  object space 93696K, 31% used [0x00000000c0000000,0x00000000c1c91270,0x00000000c5b80000)
 Metaspace       used 57619K, capacity 59028K, committed 59160K, reserved 1099776K
  class space    used 7518K, capacity 7880K, committed 7960K, reserved 1048576K
Event: 26.553 GC heap after
Heap after GC invocations=19 (full 2):
 PSYoungGen      total 188416K, used 21623K [0x00000000eab00000, 0x00000000f7f00000, 0x0000000100000000)
  eden space 161280K, 0% used [0x00000000eab00000,0x00000000eab00000,0x00000000f4880000)
  from space 27136K, 79% used [0x00000000f4880000,0x00000000f5d9dc40,0x00000000f6300000)
  to   space 23040K, 0% used [0x00000000f6300000,0x00000000f6300000,0x00000000f7980000)
 ParOldGen       total 93696K, used 29260K [0x00000000c0000000, 0x00000000c5b80000, 0x00000000eab00000)
  object space 93696K, 31% used [0x00000000c0000000,0x00000000c1c93270,0x00000000c5b80000)
 Metaspace       used 57619K, capacity 59028K, committed 59160K, reserved 1099776K
  class space    used 7518K, capacity 7880K, committed 7960K, reserved 1048576K
}
Event: 26.553 GC heap before
{Heap before GC invocations=20 (full 3):
 PSYoungGen      total 188416K, used 21623K [0x00000000eab00000, 0x00000000f7f00000, 0x0000000100000000)
  eden space 161280K, 0% used [0x00000000eab00000,0x00000000eab00000,0x00000000f4880000)
  from space 27136K, 79% used [0x00000000f4880000,0x00000000f5d9dc40,0x00000000f6300000)
  to   space 23040K, 0% used [0x00000000f6300000,0x00000000f6300000,0x00000000f7980000)
 ParOldGen       total 93696K, used 29260K [0x00000000c0000000, 0x00000000c5b80000, 0x00000000eab00000)
  object space 93696K, 31% used [0x00000000c0000000,0x00000000c1c93270,0x00000000c5b80000)
 Metaspace       used 57619K, capacity 59028K, committed 59160K, reserved 1099776K
  class space    used 7518K, capacity 7880K, committed 7960K, reserved 1048576K
Event: 26.910 GC heap after
Heap after GC invocations=20 (full 3):
 PSYoungGen      total 188416K, used 0K [0x00000000eab00000, 0x00000000f7f00000, 0x0000000100000000)
  eden space 161280K, 0% used [0x00000000eab00000,0x00000000eab00000,0x00000000f4880000)
  from space 27136K, 0% used [0x00000000f4880000,0x00000000f4880000,0x00000000f6300000)
  to   space 23040K, 0% used [0x00000000f6300000,0x00000000f6300000,0x00000000f7980000)
 ParOldGen       total 141824K, used 37380K [0x00000000c0000000, 0x00000000c8a80000, 0x00000000eab00000)
  object space 141824K, 26% used [0x00000000c0000000,0x00000000c2481060,0x00000000c8a80000)
 Metaspace       used 57601K, capacity 58980K, committed 59160K, reserved 1099776K
  class space    used 7512K, capacity 7868K, committed 7960K, reserved 1048576K
}
Event: 27.190 GC heap before
{Heap before GC invocations=21 (full 3):
 PSYoungGen      total 188416K, used 23357K [0x00000000eab00000, 0x00000000f7f00000, 0x0000000100000000)
  eden space 161280K, 14% used [0x00000000eab00000,0x00000000ec1cf520,0x00000000f4880000)
  from space 27136K, 0% used [0x00000000f4880000,0x00000000f4880000,0x00000000f6300000)
  to   space 23040K, 0% used [0x00000000f6300000,0x00000000f6300000,0x00000000f7980000)
 ParOldGen       total 141824K, used 37380K [0x00000000c0000000, 0x00000000c8a80000, 0x00000000eab00000)
  object space 141824K, 26% used [0x00000000c0000000,0x00000000c2481060,0x00000000c8a80000)
 Metaspace       used 58987K, capacity 60388K, committed 60568K, reserved 1101824K
  class space    used 7659K, capacity 7996K, committed 8088K, reserved 1048576K
Event: 27.193 GC heap after
Heap after GC invocations=21 (full 3):
 PSYoungGen      total 184320K, used 1383K [0x00000000eab00000, 0x00000000f7f00000, 0x0000000100000000)
  eden space 161280K, 0% used [0x00000000eab00000,0x00000000eab00000,0x00000000f4880000)
  from space 23040K, 6% used [0x00000000f6300000,0x00000000f6459ef0,0x00000000f7980000)
  to   space 27136K, 0% used [0x00000000f4880000,0x00000000f4880000,0x00000000f6300000)
 ParOldGen       total 141824K, used 37380K [0x00000000c0000000, 0x00000000c8a80000, 0x00000000eab00000)
  object space 141824K, 26% used [0x00000000c0000000,0x00000000c2481060,0x00000000c8a80000)
 Metaspace       used 58987K, capacity 60388K, committed 60568K, reserved 1101824K
  class space    used 7659K, capacity 7996K, committed 8088K, reserved 1048576K
}
Event: 27.193 GC heap before
{Heap before GC invocations=22 (full 4):
 PSYoungGen      total 184320K, used 1383K [0x00000000eab00000, 0x00000000f7f00000, 0x0000000100000000)
  eden space 161280K, 0% used [0x00000000eab00000,0x00000000eab00000,0x00000000f4880000)
  from space 23040K, 6% used [0x00000000f6300000,0x00000000f6459ef0,0x00000000f7980000)
  to   space 27136K, 0% used [0x00000000f4880000,0x00000000f4880000,0x00000000f6300000)
 ParOldGen       total 141824K, used 37380K [0x00000000c0000000, 0x00000000c8a80000, 0x00000000eab00000)
  object space 141824K, 26% used [0x00000000c0000000,0x00000000c2481060,0x00000000c8a80000)
 Metaspace       used 58987K, capacity 60388K, committed 60568K, reserved 1101824K
  class space    used 7659K, capacity 7996K, committed 8088K, reserved 1048576K
Event: 27.454 GC heap after
Heap after GC invocations=22 (full 4):
 PSYoungGen      total 184320K, used 0K [0x00000000eab00000, 0x00000000f7f00000, 0x0000000100000000)
  eden space 161280K, 0% used [0x00000000eab00000,0x00000000eab00000,0x00000000f4880000)
  from space 23040K, 0% used [0x00000000f6300000,0x00000000f6300000,0x00000000f7980000)
  to   space 27136K, 0% used [0x00000000f4880000,0x00000000f4880000,0x00000000f6300000)
 ParOldGen       total 141824K, used 34428K [0x00000000c0000000, 0x00000000c8a80000, 0x00000000eab00000)
  object space 141824K, 24% used [0x00000000c0000000,0x00000000c219f340,0x00000000c8a80000)
 Metaspace       used 58987K, capacity 60388K, committed 60568K, reserved 1101824K
  class space    used 7659K, capacity 7996K, committed 8088K, reserved 1048576K
}
Event: 116.925 GC heap before
{Heap before GC invocations=23 (full 4):
 PSYoungGen      total 184320K, used 161280K [0x00000000eab00000, 0x00000000f7f00000, 0x0000000100000000)
  eden space 161280K, 100% used [0x00000000eab00000,0x00000000f4880000,0x00000000f4880000)
  from space 23040K, 0% used [0x00000000f6300000,0x00000000f6300000,0x00000000f7980000)
  to   space 27136K, 0% used [0x00000000f4880000,0x00000000f4880000,0x00000000f6300000)
 ParOldGen       total 141824K, used 34428K [0x00000000c0000000, 0x00000000c8a80000, 0x00000000eab00000)
  object space 141824K, 24% used [0x00000000c0000000,0x00000000c219f340,0x00000000c8a80000)
 Metaspace       used 64159K, capacity 66058K, committed 66072K, reserved 1105920K
  class space    used 8335K, capacity 8724K, committed 8728K, reserved 1048576K
Event: 116.945 GC heap after
Heap after GC invocations=23 (full 4):
 PSYoungGen      total 188416K, used 14365K [0x00000000eab00000, 0x00000000f7f00000, 0x0000000100000000)
  eden space 161280K, 0% used [0x00000000eab00000,0x00000000eab00000,0x00000000f4880000)
  from space 27136K, 52% used [0x00000000f4880000,0x00000000f56877b0,0x00000000f6300000)
  to   space 23040K, 0% used [0x00000000f6300000,0x00000000f6300000,0x00000000f7980000)
 ParOldGen       total 141824K, used 34436K [0x00000000c0000000, 0x00000000c8a80000, 0x00000000eab00000)
  object space 141824K, 24% used [0x00000000c0000000,0x00000000c21a1340,0x00000000c8a80000)
 Metaspace       used 64159K, capacity 66058K, committed 66072K, reserved 1105920K
  class space    used 8335K, capacity 8724K, committed 8728K, reserved 1048576K
}

