# JRE version: OpenJDK Runtime Environment (8.0_76-b03) (build 1.8.0_76-release-b03)
# Java VM: OpenJDK 64-Bit Server VM (25.76-b03 mixed mode windows-amd64 compressed oops)
Heap:
 PSYoungGen      total 208896K, used 175026K [0x00000000eab00000, 0x00000000f9100000, 0x0000000100000000)
  eden space 188416K, 92% used [0x00000000eab00000,0x00000000f55ec9c0,0x00000000f6300000)
  from space 20480K, 0% used [0x00000000f7900000,0x00000000f7900000,0x00000000f8d00000)
  to   space 22528K, 0% used [0x00000000f6300000,0x00000000f6300000,0x00000000f7900000)
 ParOldGen       total 99328K, used 37970K [0x00000000c0000000, 0x00000000c6100000, 0x00000000eab00000)
  object space 99328K, 38% used [0x00000000c0000000,0x00000000c2514bb0,0x00000000c6100000)
 Metaspace       used 53404K, capacity 54940K, committed 55168K, reserved 1097728K
  class space    used 6923K, capacity 7276K, committed 7296K, reserved 1048576K
GC Heap History (10 events):
Event: 12.222 GC heap before
{Heap before GC invocations=11 (full 2):
 PSYoungGen      total 136192K, used 124416K [0x00000000eab00000, 0x00000000f4400000, 0x0000000100000000)
  eden space 124416K, 100% used [0x00000000eab00000,0x00000000f2480000,0x00000000f2480000)
  from space 11776K, 0% used [0x00000000f3000000,0x00000000f3000000,0x00000000f3b80000)
  to   space 11776K, 0% used [0x00000000f2480000,0x00000000f2480000,0x00000000f3000000)
 ParOldGen       total 99328K, used 15351K [0x00000000c0000000, 0x00000000c6100000, 0x00000000eab00000)
  object space 99328K, 15% used [0x00000000c0000000,0x00000000c0efdc40,0x00000000c6100000)
 Metaspace       used 41713K, capacity 42530K, committed 42880K, reserved 1087488K
  class space    used 5526K, capacity 5705K, committed 5760K, reserved 1048576K
Event: 12.233 GC heap after
Heap after GC invocations=11 (full 2):
 PSYoungGen      total 136192K, used 10491K [0x00000000eab00000, 0x00000000f5b80000, 0x0000000100000000)
  eden space 124416K, 0% used [0x00000000eab00000,0x00000000eab00000,0x00000000f2480000)
  from space 11776K, 89% used [0x00000000f2480000,0x00000000f2ebef90,0x00000000f3000000)
  to   space 12288K, 0% used [0x00000000f4f80000,0x00000000f4f80000,0x00000000f5b80000)
 ParOldGen       total 99328K, used 15359K [0x00000000c0000000, 0x00000000c6100000, 0x00000000eab00000)
  object space 99328K, 15% used [0x00000000c0000000,0x00000000c0effc40,0x00000000c6100000)
 Metaspace       used 41713K, capacity 42530K, committed 42880K, reserved 1087488K
  class space    used 5526K, capacity 5705K, committed 5760K, reserved 1048576K
}
Event: 13.670 GC heap before
{Heap before GC invocations=12 (full 2):
 PSYoungGen      total 136192K, used 134907K [0x00000000eab00000, 0x00000000f5b80000, 0x0000000100000000)
  eden space 124416K, 100% used [0x00000000eab00000,0x00000000f2480000,0x00000000f2480000)
  from space 11776K, 89% used [0x00000000f2480000,0x00000000f2ebef90,0x00000000f3000000)
  to   space 12288K, 0% used [0x00000000f4f80000,0x00000000f4f80000,0x00000000f5b80000)
 ParOldGen       total 99328K, used 15359K [0x00000000c0000000, 0x00000000c6100000, 0x00000000eab00000)
  object space 99328K, 15% used [0x00000000c0000000,0x00000000c0effc40,0x00000000c6100000)
 Metaspace       used 45095K, capacity 46192K, committed 46208K, reserved 1089536K
  class space    used 6015K, capacity 6264K, committed 6272K, reserved 1048576K
Event: 13.699 GC heap after
Heap after GC invocations=12 (full 2):
 PSYoungGen      total 165888K, used 12275K [0x00000000eab00000, 0x00000000f6200000, 0x0000000100000000)
  eden space 153600K, 0% used [0x00000000eab00000,0x00000000eab00000,0x00000000f4100000)
  from space 12288K, 99% used [0x00000000f4f80000,0x00000000f5b7cd00,0x00000000f5b80000)
  to   space 14848K, 0% used [0x00000000f4100000,0x00000000f4100000,0x00000000f4f80000)
 ParOldGen       total 99328K, used 18289K [0x00000000c0000000, 0x00000000c6100000, 0x00000000eab00000)
  object space 99328K, 18% used [0x00000000c0000000,0x00000000c11dc448,0x00000000c6100000)
 Metaspace       used 45095K, capacity 46192K, committed 46208K, reserved 1089536K
  class space    used 6015K, capacity 6264K, committed 6272K, reserved 1048576K
}
Event: 20.459 GC heap before
{Heap before GC invocations=13 (full 2):
 PSYoungGen      total 165888K, used 165875K [0x00000000eab00000, 0x00000000f6200000, 0x0000000100000000)
  eden space 153600K, 100% used [0x00000000eab00000,0x00000000f4100000,0x00000000f4100000)
  from space 12288K, 99% used [0x00000000f4f80000,0x00000000f5b7cd00,0x00000000f5b80000)
  to   space 14848K, 0% used [0x00000000f4100000,0x00000000f4100000,0x00000000f4f80000)
 ParOldGen       total 99328K, used 18289K [0x00000000c0000000, 0x00000000c6100000, 0x00000000eab00000)
  object space 99328K, 18% used [0x00000000c0000000,0x00000000c11dc448,0x00000000c6100000)
 Metaspace       used 50471K, capacity 51848K, committed 52096K, reserved 1093632K
  class space    used 6653K, capacity 6982K, committed 7040K, reserved 1048576K
Event: 20.500 GC heap after
Heap after GC invocations=13 (full 2):
 PSYoungGen      total 168448K, used 14834K [0x00000000eab00000, 0x00000000f8d00000, 0x0000000100000000)
  eden space 153600K, 0% used [0x00000000eab00000,0x00000000eab00000,0x00000000f4100000)
  from space 14848K, 99% used [0x00000000f4100000,0x00000000f4f7c838,0x00000000f4f80000)
  to   space 20480K, 0% used [0x00000000f7900000,0x00000000f7900000,0x00000000f8d00000)
 ParOldGen       total 99328K, used 28766K [0x00000000c0000000, 0x00000000c6100000, 0x00000000eab00000)
  object space 99328K, 28% used [0x00000000c0000000,0x00000000c1c17968,0x00000000c6100000)
 Metaspace       used 50471K, capacity 51848K, committed 52096K, reserved 1093632K
  class space    used 6653K, capacity 6982K, committed 7040K, reserved 1048576K
}
Event: 23.000 GC heap before
{Heap before GC invocations=14 (full 2):
 PSYoungGen      total 168448K, used 101618K [0x00000000eab00000, 0x00000000f8d00000, 0x0000000100000000)
  eden space 153600K, 56% used [0x00000000eab00000,0x00000000effc02b0,0x00000000f4100000)
  from space 14848K, 99% used [0x00000000f4100000,0x00000000f4f7c838,0x00000000f4f80000)
  to   space 20480K, 0% used [0x00000000f7900000,0x00000000f7900000,0x00000000f8d00000)
 ParOldGen       total 99328K, used 28766K [0x00000000c0000000, 0x00000000c6100000, 0x00000000eab00000)
  object space 99328K, 28% used [0x00000000c0000000,0x00000000c1c17968,0x00000000c6100000)
 Metaspace       used 52450K, capacity 53896K, committed 54016K, reserved 1095680K
  class space    used 6852K, capacity 7160K, committed 7168K, reserved 1048576K
Event: 23.022 GC heap after
Heap after GC invocations=14 (full 2):
 PSYoungGen      total 208896K, used 18892K [0x00000000eab00000, 0x00000000f9100000, 0x0000000100000000)
  eden space 188416K, 0% used [0x00000000eab00000,0x00000000eab00000,0x00000000f6300000)
  from space 20480K, 92% used [0x00000000f7900000,0x00000000f8b73360,0x00000000f8d00000)
  to   space 22528K, 0% used [0x00000000f6300000,0x00000000f6300000,0x00000000f7900000)
 ParOldGen       total 99328K, used 28774K [0x00000000c0000000, 0x00000000c6100000, 0x00000000eab00000)
  object space 99328K, 28% used [0x00000000c0000000,0x00000000c1c19968,0x00000000c6100000)
 Metaspace       used 52450K, capacity 53896K, committed 54016K, reserved 1095680K
  class space    used 6852K, capacity 7160K, committed 7168K, reserved 1048576K
}
Event: 23.022 GC heap before
{Heap before GC invocations=15 (full 3):
 PSYoungGen      total 208896K, used 18892K [0x00000000eab00000, 0x00000000f9100000, 0x0000000100000000)
  eden space 188416K, 0% used [0x00000000eab00000,0x00000000eab00000,0x00000000f6300000)
  from space 20480K, 92% used [0x00000000f7900000,0x00000000f8b73360,0x00000000f8d00000)
  to   space 22528K, 0% used [0x00000000f6300000,0x00000000f6300000,0x00000000f7900000)
 ParOldGen       total 99328K, used 28774K [0x00000000c0000000, 0x00000000c6100000, 0x00000000eab00000)
  object space 99328K, 28% used [0x00000000c0000000,0x00000000c1c19968,0x00000000c6100000)
 Metaspace       used 52450K, capacity 53896K, committed 54016K, reserved 1095680K
  class space    used 6852K, capacity 7160K, committed 7168K, reserved 1048576K
Event: 23.386 GC heap after
Heap after GC invocations=15 (full 3):
 PSYoungGen      total 208896K, used 0K [0x00000000eab00000, 0x00000000f9100000, 0x0000000100000000)
  eden space 188416K, 0% used [0x00000000eab00000,0x00000000eab00000,0x00000000f6300000)
  from space 20480K, 0% used [0x00000000f7900000,0x00000000f7900000,0x00000000f8d00000)
  to   space 22528K, 0% used [0x00000000f6300000,0x00000000f6300000,0x00000000f7900000)
 ParOldGen       total 99328K, used 37970K [0x00000000c0000000, 0x00000000c6100000, 0x00000000eab00000)
  object space 99328K, 38% used [0x00000000c0000000,0x00000000c2514bb0,0x00000000c6100000)
 Metaspace       used 52442K, capacity 53874K, committed 54016K, reserved 1095680K
  class space    used 6849K, capacity 7155K, committed 7168K, reserved 1048576K
}

